# do {RotaryEncoder_tb_compile.do}
# ** Warning: (vlib-34) Library already exists at "work".
# 
# ** Warning: (vlib-34) Library already exists at "msim".
# 
# ** Warning: (vlib-34) Library already exists at "msim/xil_defaultlib".
# 
# Model Technology ModelSim PE vmap 10.4c Lib Mapping Utility 2015.07 Jul 20 2015
# vmap xil_defaultlib msim/xil_defaultlib 
# Modifying modelsim.ini
# ** Warning: (vlog-159) Mode option -64 is not supported in this context and will be ignored.
# 
# Model Technology ModelSim PE vlog 10.4c Compiler 2015.07 Jul 20 2015
# Start time: 16:48:04 on Jan 07,2024
# vlog -64 -incr -work xil_defaultlib ../../../RotationSensor.srcs/sources_1/new/RotationSensor.v ../../../RotationSensor.srcs/sim_1/new/RotationSensor_tb.v 
# -- Skipping module RotaryEncoder
# -- Compiling module RotaryEncoder_tb
# 
# Top level modules:
# 	RotaryEncoder_tb
# End time: 16:48:04 on Jan 07,2024, Elapsed time: 0:00:00
# Errors: 0, Warnings: 1
# Model Technology ModelSim PE vlog 10.4c Compiler 2015.07 Jul 20 2015
# Start time: 16:48:04 on Jan 07,2024
# vlog -work xil_defaultlib glbl.v 
# -- Compiling module glbl
# 
# Top level modules:
# 	glbl
# End time: 16:48:04 on Jan 07,2024, Elapsed time: 0:00:00
# Errors: 0, Warnings: 0
