# do {Gate_ctrl_tb_compile.do}
# ** Warning: (vlib-34) Library already exists at "work".
# 
# ** Warning: (vlib-34) Library already exists at "msim".
# 
# ** Warning: (vlib-34) Library already exists at "msim/xil_defaultlib".
# 
# Model Technology ModelSim PE vmap 10.4c Lib Mapping Utility 2015.07 Jul 20 2015
# vmap xil_defaultlib msim/xil_defaultlib 
# Modifying modelsim.ini
# ** Warning: (vlog-159) Mode option -64 is not supported in this context and will be ignored.
# 
# Model Technology ModelSim PE vlog 10.4c Compiler 2015.07 Jul 20 2015
# Start time: 16:48:15 on Jan 13,2024
# vlog -64 -incr -work xil_defaultlib ../../../GateFSM.srcs/sources_1/new/GateFSM.v ../../../GateFSM.srcs/sim_1/new/GateFSM_tb.v 
# -- Skipping module Gate_ctrl
# -- Compiling module Gate_ctrl_tb
# 
# Top level modules:
# 	Gate_ctrl_tb
# End time: 16:48:15 on Jan 13,2024, Elapsed time: 0:00:00
# Errors: 0, Warnings: 1
# Model Technology ModelSim PE vlog 10.4c Compiler 2015.07 Jul 20 2015
# Start time: 16:48:15 on Jan 13,2024
# vlog -work xil_defaultlib glbl.v 
# -- Compiling module glbl
# 
# Top level modules:
# 	glbl
# End time: 16:48:15 on Jan 13,2024, Elapsed time: 0:00:00
# Errors: 0, Warnings: 0
