Copyright 1986-2016 Xilinx, Inc. All Rights Reserved.
-------------------------------------------------------------------------------------------------------------------------------------------------
| Tool Version     : Vivado v.2016.2 (win64) Build 1577090 Thu Jun  2 16:32:40 MDT 2016
| Date             : Sun Jan 14 17:23:32 2024
| Host             : LAPTOP-AB75201K running 64-bit major release  (build 9200)
| Command          : report_power -file Gate0_top_power_routed.rpt -pb Gate0_top_power_summary_routed.pb -rpx Gate0_top_power_routed.rpx
| Design           : Gate0_top
| Device           : xc7a100tcsg324-1
| Design State     : routed
| Grade            : commercial
| Process          : typical
| Characterization : Production
-------------------------------------------------------------------------------------------------------------------------------------------------

Power Report

Table of Contents
-----------------
1. Summary
1.1 On-Chip Components
1.2 Power Supply Summary
1.3 Confidence Level
2. Settings
2.1 Environment
2.2 Clock Constraints
3. Detailed Reports
3.1 By Hierarchy

1. Summary
----------

+--------------------------+----------------------------------+
| Total On-Chip Power (W)  | 48.641 (Junction temp exceeded!) |
| Dynamic (W)              | 47.647                           |
| Device Static (W)        | 0.994                            |
| Effective TJA (C/W)      | 4.6                              |
| Max Ambient (C)          | 0.0                              |
| Junction Temperature (C) | 125.0                            |
| Confidence Level         | Low                              |
| Setting File             | ---                              |
| Simulation Activity File | ---                              |
| Design Nets Matched      | NA                               |
+--------------------------+----------------------------------+


1.1 On-Chip Components
----------------------

+----------------+-----------+----------+-----------+-----------------+
| On-Chip        | Power (W) | Used     | Available | Utilization (%) |
+----------------+-----------+----------+-----------+-----------------+
| Slice Logic    |    10.374 |     4381 |       --- |             --- |
|   LUT as Logic |     9.283 |     2590 |     63400 |            4.09 |
|   CARRY4       |     0.956 |      363 |     15850 |            2.29 |
|   Register     |     0.080 |      412 |    126800 |            0.32 |
|   BUFG         |     0.052 |        3 |        32 |            9.38 |
|   F7/F8 Muxes  |     0.004 |      138 |     63400 |            0.22 |
|   Others       |     0.000 |      285 |       --- |             --- |
| Signals        |    13.461 |     3737 |       --- |             --- |
| Block RAM      |     4.298 |    126.5 |       135 |           93.70 |
| DSPs           |     3.397 |        5 |       240 |            2.08 |
| I/O            |    16.117 |       51 |       210 |           24.29 |
| Static Power   |     0.994 |          |           |                 |
| Total          |    48.641 |          |           |                 |
+----------------+-----------+----------+-----------+-----------------+


1.2 Power Supply Summary
------------------------

+-----------+-------------+-----------+-------------+------------+
| Source    | Voltage (V) | Total (A) | Dynamic (A) | Static (A) |
+-----------+-------------+-----------+-------------+------------+
| Vccint    |       1.000 |    31.823 |      31.163 |      0.660 |
| Vccaux    |       1.800 |     0.683 |       0.590 |      0.093 |
| Vcco33    |       3.300 |     4.561 |       4.557 |      0.004 |
| Vcco25    |       2.500 |     0.000 |       0.000 |      0.000 |
| Vcco18    |       1.800 |     0.000 |       0.000 |      0.000 |
| Vcco15    |       1.500 |     0.000 |       0.000 |      0.000 |
| Vcco135   |       1.350 |     0.000 |       0.000 |      0.000 |
| Vcco12    |       1.200 |     0.000 |       0.000 |      0.000 |
| Vccaux_io |       1.800 |     0.000 |       0.000 |      0.000 |
| Vccbram   |       1.000 |     0.501 |       0.383 |      0.118 |
| MGTAVcc   |       1.000 |     0.000 |       0.000 |      0.000 |
| MGTAVtt   |       1.200 |     0.000 |       0.000 |      0.000 |
| Vccadc    |       1.800 |     0.020 |       0.000 |      0.020 |
+-----------+-------------+-----------+-------------+------------+


1.3 Confidence Level
--------------------

+-----------------------------+------------+--------------------------------------------------------+--------------------------------------------------------------------------------------------------------------------+
| User Input Data             | Confidence | Details                                                | Action                                                                                                             |
+-----------------------------+------------+--------------------------------------------------------+--------------------------------------------------------------------------------------------------------------------+
| Design implementation state | High       | Design is routed                                       |                                                                                                                    |
| Clock nodes activity        | Low        | User specified less than 75% of clocks                 | Provide missing clock activity with a constraint file, simulation results or by editing the "By Clock Domain" view |
| I/O nodes activity          | Low        | More than 75% of inputs are missing user specification | Provide missing input activity with simulation results or by editing the "By Resource Type -> I/Os" view           |
| Internal nodes activity     | Medium     | User specified less than 25% of internal nodes         | Provide missing internal nodes activity with simulation results or by editing the "By Resource Type" views         |
| Device models               | High       | Device models are Production                           |                                                                                                                    |
|                             |            |                                                        |                                                                                                                    |
| Overall confidence level    | Low        |                                                        |                                                                                                                    |
+-----------------------------+------------+--------------------------------------------------------+--------------------------------------------------------------------------------------------------------------------+


2. Settings
-----------

2.1 Environment
---------------

+-----------------------+--------------------------+
| Ambient Temp (C)      | 25.0                     |
| ThetaJA (C/W)         | 4.6                      |
| Airflow (LFM)         | 250                      |
| Heat Sink             | medium (Medium Profile)  |
| ThetaSA (C/W)         | 4.6                      |
| Board Selection       | medium (10"x10")         |
| # of Board Layers     | 12to15 (12 to 15 Layers) |
| Board Temperature (C) | 25.0                     |
+-----------------------+--------------------------+


2.2 Clock Constraints
---------------------

+-------+--------+-----------------+
| Clock | Domain | Constraint (ns) |
+-------+--------+-----------------+


3. Detailed Reports
-------------------

3.1 By Hierarchy
----------------

+----------------------------------------------------+-----------+
| Name                                               | Power (W) |
+----------------------------------------------------+-----------+
| Gate0_top                                          |    47.647 |
|   ctrl_uut                                         |     0.007 |
|   gate_uut                                         |     7.624 |
|   seg_uut                                          |     0.636 |
|     uut0                                           |     0.309 |
|     uut2                                           |     0.327 |
|       divider_uut                                  |     0.239 |
|   vga_uut                                          |    19.585 |
|     clr_syn_inst                                   |    16.531 |
|       bg_inst                                      |     0.009 |
|       chara_inst                                   |     8.417 |
|         ROM1_inst                                  |     0.735 |
|           U0                                       |     0.735 |
|             inst_blk_mem_gen                       |     0.735 |
|               gnbram.gnativebmg.native_blk_mem_gen |     0.735 |
|                 valid.cstr                         |     0.735 |
|                   bindec_a.bindec_inst_a           |     0.024 |
|                   has_mux_a.A                      |     0.042 |
|                   ramloop[0].ram.r                 |     0.008 |
|                     prim_init.ram                  |     0.008 |
|                   ramloop[10].ram.r                |     0.006 |
|                     prim_init.ram                  |     0.006 |
|                   ramloop[11].ram.r                |     0.004 |
|                     prim_init.ram                  |     0.004 |
|                   ramloop[12].ram.r                |     0.006 |
|                     prim_init.ram                  |     0.006 |
|                   ramloop[13].ram.r                |     0.004 |
|                     prim_init.ram                  |     0.004 |
|                   ramloop[14].ram.r                |     0.005 |
|                     prim_init.ram                  |     0.005 |
|                   ramloop[15].ram.r                |     0.004 |
|                     prim_init.ram                  |     0.004 |
|                   ramloop[16].ram.r                |     0.217 |
|                     prim_init.ram                  |     0.217 |
|                   ramloop[17].ram.r                |     0.178 |
|                     prim_init.ram                  |     0.178 |
|                   ramloop[18].ram.r                |     0.178 |
|                     prim_init.ram                  |     0.178 |
|                   ramloop[1].ram.r                 |     0.007 |
|                     prim_init.ram                  |     0.007 |
|                   ramloop[2].ram.r                 |     0.007 |
|                     prim_init.ram                  |     0.007 |
|                   ramloop[3].ram.r                 |     0.007 |
|                     prim_init.ram                  |     0.007 |
|                   ramloop[4].ram.r                 |     0.007 |
|                     prim_init.ram                  |     0.007 |
|                   ramloop[5].ram.r                 |     0.007 |
|                     prim_init.ram                  |     0.007 |
|                   ramloop[6].ram.r                 |     0.006 |
|                     prim_init.ram                  |     0.006 |
|                   ramloop[7].ram.r                 |     0.006 |
|                     prim_init.ram                  |     0.006 |
|                   ramloop[8].ram.r                 |     0.007 |
|                     prim_init.ram                  |     0.007 |
|                   ramloop[9].ram.r                 |     0.005 |
|                     prim_init.ram                  |     0.005 |
|         ROM2_inst                                  |     0.692 |
|           U0                                       |     0.692 |
|             inst_blk_mem_gen                       |     0.692 |
|               gnbram.gnativebmg.native_blk_mem_gen |     0.692 |
|                 valid.cstr                         |     0.692 |
|                   bindec_a.bindec_inst_a           |     0.023 |
|                   has_mux_a.A                      |     0.040 |
|                   ramloop[0].ram.r                 |     0.008 |
|                     prim_init.ram                  |     0.008 |
|                   ramloop[10].ram.r                |     0.006 |
|                     prim_init.ram                  |     0.006 |
|                   ramloop[11].ram.r                |     0.004 |
|                     prim_init.ram                  |     0.004 |
|                   ramloop[12].ram.r                |     0.006 |
|                     prim_init.ram                  |     0.006 |
|                   ramloop[13].ram.r                |     0.004 |
|                     prim_init.ram                  |     0.004 |
|                   ramloop[14].ram.r                |     0.005 |
|                     prim_init.ram                  |     0.005 |
|                   ramloop[15].ram.r                |     0.004 |
|                     prim_init.ram                  |     0.004 |
|                   ramloop[16].ram.r                |     0.178 |
|                     prim_init.ram                  |     0.178 |
|                   ramloop[17].ram.r                |     0.178 |
|                     prim_init.ram                  |     0.178 |
|                   ramloop[18].ram.r                |     0.178 |
|                     prim_init.ram                  |     0.178 |
|                   ramloop[1].ram.r                 |     0.007 |
|                     prim_init.ram                  |     0.007 |
|                   ramloop[2].ram.r                 |     0.007 |
|                     prim_init.ram                  |     0.007 |
|                   ramloop[3].ram.r                 |     0.007 |
|                     prim_init.ram                  |     0.007 |
|                   ramloop[4].ram.r                 |     0.007 |
|                     prim_init.ram                  |     0.007 |
|                   ramloop[5].ram.r                 |     0.007 |
|                     prim_init.ram                  |     0.007 |
|                   ramloop[6].ram.r                 |     0.006 |
|                     prim_init.ram                  |     0.006 |
|                   ramloop[7].ram.r                 |     0.006 |
|                     prim_init.ram                  |     0.006 |
|                   ramloop[8].ram.r                 |     0.007 |
|                     prim_init.ram                  |     0.007 |
|                   ramloop[9].ram.r                 |     0.005 |
|                     prim_init.ram                  |     0.005 |
|         ROM3_inst                                  |     0.704 |
|           U0                                       |     0.704 |
|             inst_blk_mem_gen                       |     0.704 |
|               gnbram.gnativebmg.native_blk_mem_gen |     0.704 |
|                 valid.cstr                         |     0.704 |
|                   bindec_a.bindec_inst_a           |     0.024 |
|                   has_mux_a.A                      |     0.042 |
|                   ramloop[0].ram.r                 |     0.009 |
|                     prim_init.ram                  |     0.009 |
|                   ramloop[10].ram.r                |     0.006 |
|                     prim_init.ram                  |     0.006 |
|                   ramloop[11].ram.r                |     0.004 |
|                     prim_init.ram                  |     0.004 |
|                   ramloop[12].ram.r                |     0.006 |
|                     prim_init.ram                  |     0.006 |
|                   ramloop[13].ram.r                |     0.004 |
|                     prim_init.ram                  |     0.004 |
|                   ramloop[14].ram.r                |     0.005 |
|                     prim_init.ram                  |     0.005 |
|                   ramloop[15].ram.r                |     0.003 |
|                     prim_init.ram                  |     0.003 |
|                   ramloop[16].ram.r                |     0.179 |
|                     prim_init.ram                  |     0.179 |
|                   ramloop[17].ram.r                |     0.179 |
|                     prim_init.ram                  |     0.179 |
|                   ramloop[18].ram.r                |     0.184 |
|                     prim_init.ram                  |     0.184 |
|                   ramloop[1].ram.r                 |     0.006 |
|                     prim_init.ram                  |     0.006 |
|                   ramloop[2].ram.r                 |     0.007 |
|                     prim_init.ram                  |     0.007 |
|                   ramloop[3].ram.r                 |     0.007 |
|                     prim_init.ram                  |     0.007 |
|                   ramloop[4].ram.r                 |     0.007 |
|                     prim_init.ram                  |     0.007 |
|                   ramloop[5].ram.r                 |     0.007 |
|                     prim_init.ram                  |     0.007 |
|                   ramloop[6].ram.r                 |     0.006 |
|                     prim_init.ram                  |     0.006 |
|                   ramloop[7].ram.r                 |     0.006 |
|                     prim_init.ram                  |     0.006 |
|                   ramloop[8].ram.r                 |     0.007 |
|                     prim_init.ram                  |     0.007 |
|                   ramloop[9].ram.r                 |     0.005 |
|                     prim_init.ram                  |     0.005 |
|         ROM4_inst                                  |     0.698 |
|           U0                                       |     0.698 |
|             inst_blk_mem_gen                       |     0.698 |
|               gnbram.gnativebmg.native_blk_mem_gen |     0.698 |
|                 valid.cstr                         |     0.698 |
|                   bindec_a.bindec_inst_a           |     0.025 |
|                   has_mux_a.A                      |     0.041 |
|                   ramloop[0].ram.r                 |     0.009 |
|                     prim_init.ram                  |     0.009 |
|                   ramloop[10].ram.r                |     0.006 |
|                     prim_init.ram                  |     0.006 |
|                   ramloop[11].ram.r                |     0.004 |
|                     prim_init.ram                  |     0.004 |
|                   ramloop[12].ram.r                |     0.006 |
|                     prim_init.ram                  |     0.006 |
|                   ramloop[13].ram.r                |     0.004 |
|                     prim_init.ram                  |     0.004 |
|                   ramloop[14].ram.r                |     0.005 |
|                     prim_init.ram                  |     0.005 |
|                   ramloop[15].ram.r                |     0.003 |
|                     prim_init.ram                  |     0.003 |
|                   ramloop[16].ram.r                |     0.179 |
|                     prim_init.ram                  |     0.179 |
|                   ramloop[17].ram.r                |     0.178 |
|                     prim_init.ram                  |     0.178 |
|                   ramloop[18].ram.r                |     0.179 |
|                     prim_init.ram                  |     0.179 |
|                   ramloop[1].ram.r                 |     0.006 |
|                     prim_init.ram                  |     0.006 |
|                   ramloop[2].ram.r                 |     0.007 |
|                     prim_init.ram                  |     0.007 |
|                   ramloop[3].ram.r                 |     0.007 |
|                     prim_init.ram                  |     0.007 |
|                   ramloop[4].ram.r                 |     0.007 |
|                     prim_init.ram                  |     0.007 |
|                   ramloop[5].ram.r                 |     0.007 |
|                     prim_init.ram                  |     0.007 |
|                   ramloop[6].ram.r                 |     0.006 |
|                     prim_init.ram                  |     0.006 |
|                   ramloop[7].ram.r                 |     0.006 |
|                     prim_init.ram                  |     0.006 |
|                   ramloop[8].ram.r                 |     0.007 |
|                     prim_init.ram                  |     0.007 |
|                   ramloop[9].ram.r                 |     0.005 |
|                     prim_init.ram                  |     0.005 |
|       road_inst                                    |     1.010 |
|         ROM_inst                                   |     0.677 |
|           U0                                       |     0.677 |
|             inst_blk_mem_gen                       |     0.677 |
|               gnbram.gnativebmg.native_blk_mem_gen |     0.677 |
|                 valid.cstr                         |     0.677 |
|                   bindec_a.bindec_inst_a           |     0.017 |
|                   has_mux_a.A                      |     0.018 |
|                   ramloop[0].ram.r                 |     0.002 |
|                     prim_init.ram                  |     0.002 |
|                   ramloop[10].ram.r                |    <0.001 |
|                     prim_init.ram                  |    <0.001 |
|                   ramloop[11].ram.r                |    <0.001 |
|                     prim_init.ram                  |    <0.001 |
|                   ramloop[12].ram.r                |    <0.001 |
|                     prim_init.ram                  |    <0.001 |
|                   ramloop[13].ram.r                |    <0.001 |
|                     prim_init.ram                  |    <0.001 |
|                   ramloop[14].ram.r                |     0.003 |
|                     prim_init.ram                  |     0.003 |
|                   ramloop[15].ram.r                |    <0.001 |
|                     prim_init.ram                  |    <0.001 |
|                   ramloop[16].ram.r                |     0.181 |
|                     prim_init.ram                  |     0.181 |
|                   ramloop[17].ram.r                |     0.183 |
|                     prim_init.ram                  |     0.183 |
|                   ramloop[18].ram.r                |     0.182 |
|                     prim_init.ram                  |     0.182 |
|                   ramloop[1].ram.r                 |    <0.001 |
|                     prim_init.ram                  |    <0.001 |
|                   ramloop[2].ram.r                 |     0.010 |
|                     prim_init.ram                  |     0.010 |
|                   ramloop[3].ram.r                 |     0.002 |
|                     prim_init.ram                  |     0.002 |
|                   ramloop[4].ram.r                 |     0.010 |
|                     prim_init.ram                  |     0.010 |
|                   ramloop[5].ram.r                 |     0.001 |
|                     prim_init.ram                  |     0.001 |
|                   ramloop[6].ram.r                 |     0.061 |
|                     prim_init.ram                  |     0.061 |
|                   ramloop[7].ram.r                 |     0.004 |
|                     prim_init.ram                  |     0.004 |
|                   ramloop[8].ram.r                 |    <0.001 |
|                     prim_init.ram                  |    <0.001 |
|                   ramloop[9].ram.r                 |    <0.001 |
|                     prim_init.ram                  |    <0.001 |
|         d1M                                        |     0.134 |
|       satellbg_inst                                |     7.087 |
|         ROM1_inst                                  |     0.422 |
|           U0                                       |     0.422 |
|             inst_blk_mem_gen                       |     0.422 |
|               gnbram.gnativebmg.native_blk_mem_gen |     0.422 |
|                 valid.cstr                         |     0.422 |
|                   bindec_a.bindec_inst_a           |     0.010 |
|                   has_mux_a.A                      |     0.005 |
|                   ramloop[0].ram.r                 |     0.044 |
|                     prim_init.ram                  |     0.044 |
|                   ramloop[1].ram.r                 |     0.090 |
|                     prim_init.ram                  |     0.090 |
|                   ramloop[2].ram.r                 |     0.091 |
|                     prim_init.ram                  |     0.091 |
|                   ramloop[3].ram.r                 |     0.090 |
|                     prim_init.ram                  |     0.090 |
|                   ramloop[4].ram.r                 |     0.045 |
|                     prim_init.ram                  |     0.045 |
|                   ramloop[5].ram.r                 |     0.045 |
|                     prim_init.ram                  |     0.045 |
|         ROM2_inst                                  |     0.425 |
|           U0                                       |     0.425 |
|             inst_blk_mem_gen                       |     0.425 |
|               gnbram.gnativebmg.native_blk_mem_gen |     0.425 |
|                 valid.cstr                         |     0.425 |
|                   bindec_a.bindec_inst_a           |     0.011 |
|                   has_mux_a.A                      |     0.007 |
|                   ramloop[0].ram.r                 |     0.044 |
|                     prim_init.ram                  |     0.044 |
|                   ramloop[1].ram.r                 |     0.090 |
|                     prim_init.ram                  |     0.090 |
|                   ramloop[2].ram.r                 |     0.091 |
|                     prim_init.ram                  |     0.091 |
|                   ramloop[3].ram.r                 |     0.091 |
|                     prim_init.ram                  |     0.091 |
|                   ramloop[4].ram.r                 |     0.045 |
|                     prim_init.ram                  |     0.045 |
|                   ramloop[5].ram.r                 |     0.045 |
|                     prim_init.ram                  |     0.045 |
|         ROM_inst                                   |     0.425 |
|           U0                                       |     0.425 |
|             inst_blk_mem_gen                       |     0.425 |
|               gnbram.gnativebmg.native_blk_mem_gen |     0.425 |
|                 valid.cstr                         |     0.425 |
|                   bindec_a.bindec_inst_a           |     0.013 |
|                   has_mux_a.A                      |     0.005 |
|                   ramloop[0].ram.r                 |     0.044 |
|                     prim_init.ram                  |     0.044 |
|                   ramloop[1].ram.r                 |     0.090 |
|                     prim_init.ram                  |     0.090 |
|                   ramloop[2].ram.r                 |     0.090 |
|                     prim_init.ram                  |     0.090 |
|                   ramloop[3].ram.r                 |     0.091 |
|                     prim_init.ram                  |     0.091 |
|                   ramloop[4].ram.r                 |     0.045 |
|                     prim_init.ram                  |     0.045 |
|                   ramloop[5].ram.r                 |     0.045 |
|                     prim_init.ram                  |     0.045 |
|     d2                                             |     0.021 |
|     vga_driver_inst                                |     3.033 |
+----------------------------------------------------+-----------+


