# do {vga_test_tb_simulate.do}
# vsim -voptargs=""+acc"" -L unisims_ver -L unimacro_ver -L secureip -L xil_defaultlib -lib xil_defaultlib xil_defaultlib.vga_test_tb xil_defaultlib.glbl 
# Start time: 19:24:49 on Dec 25,2023
# //  ModelSim PE 10.4c Jul 20 2015 
# //
# //  Copyright 1991-2015 Mentor Graphics Corporation
# //  All Rights Reserved.
# //
# //  THIS WORK CONTAINS TRADE SECRET AND PROPRIETARY INFORMATION
# //  WHICH IS THE PROPERTY OF MENTOR GRAPHICS CORPORATION OR ITS
# //  LICENSORS AND IS SUBJECT TO LICENSE TERMS.
# //  THIS DOCUMENT CONTAINS TRADE SECRETS AND COMMERCIAL OR FINANCIAL
# //  INFORMATION THAT ARE PRIVILEGED, CONFIDENTIAL, AND EXEMPT FROM
# //  DISCLOSURE UNDER THE FREEDOM OF INFORMATION ACT, 5 U.S.C. SECTION 552.
# //  FURTHERMORE, THIS INFORMATION IS PROHIBITED FROM DISCLOSURE UNDER
# //  THE TRADE SECRETS ACT, 18 U.S.C. SECTION 1905.
# //
# Loading xil_defaultlib.vga_test_tb
# Loading xil_defaultlib.vga_test
# Loading xil_defaultlib.divider_4
# ** Error: (vsim-3037) ../../../VGA.srcs/sources_1/new/vga_test.v(45): Missing instance name in instantiation of 'VGA_color_syn'.
#    Time: 0 ps  Iteration: 0  Instance: /vga_test_tb/uut File: ../../../VGA.srcs/sources_1/new/vga_test.v
# ** Error: (vsim-3037) ../../../VGA.srcs/sources_1/new/vga_test.v(61): Missing instance name in instantiation of 'vga_driver_640x480'.
#    Time: 0 ps  Iteration: 0  Instance: /vga_test_tb/uut File: ../../../VGA.srcs/sources_1/new/vga_test.v
# Loading xil_defaultlib.glbl
# Error loading design
# Error: Error loading design
#        Pausing macro execution
# MACRO ./vga_test_tb_simulate.do PAUSED at line 9
# End time: 19:25:57 on Dec 25,2023, Elapsed time: 0:01:08
# Errors: 2, Warnings: 0
