
*** Running vivado
    with args -log RotaryEncoder.vds -m64 -mode batch -messageDb vivado.pb -notrace -source RotaryEncoder.tcl


****** Vivado v2016.2 (64-bit)
  **** SW Build 1577090 on Thu Jun  2 16:32:40 MDT 2016
  **** IP Build 1577682 on Fri Jun  3 12:00:54 MDT 2016
    ** Copyright 1986-2016 Xilinx, Inc. All Rights Reserved.

source RotaryEncoder.tcl -notrace
Command: synth_design -top RotaryEncoder -part xc7a100tcsg324-1
Starting synth_design
Attempting to get a license for feature 'Synthesis' and/or device 'xc7a100t'
INFO: [Common 17-349] Got license for feature 'Synthesis' and/or device 'xc7a100t'
INFO: Launching helper process for spawning children vivado processes
INFO: Helper process launched with PID 6972 
---------------------------------------------------------------------------------
Starting RTL Elaboration : Time (s): cpu = 00:00:04 ; elapsed = 00:00:06 . Memory (MB): peak = 305.434 ; gain = 98.078
---------------------------------------------------------------------------------
INFO: [Synth 8-638] synthesizing module 'RotaryEncoder' [D:/Program/vivado/SteinsGate0_GIT/RotationSensor/RotationSensor.srcs/sources_1/new/RotationSensor.v:23]
	Parameter HOLD_TIME bound to: 1000000 - type: integer 
INFO: [Synth 8-256] done synthesizing module 'RotaryEncoder' (1#1) [D:/Program/vivado/SteinsGate0_GIT/RotationSensor/RotationSensor.srcs/sources_1/new/RotationSensor.v:23]
---------------------------------------------------------------------------------
Finished RTL Elaboration : Time (s): cpu = 00:00:04 ; elapsed = 00:00:07 . Memory (MB): peak = 342.918 ; gain = 135.563
---------------------------------------------------------------------------------

Report Check Netlist: 
+------+------------------+-------+---------+-------+------------------+
|      |Item              |Errors |Warnings |Status |Description       |
+------+------------------+-------+---------+-------+------------------+
|1     |multi_driven_nets |      0|        0|Passed |Multi driven nets |
+------+------------------+-------+---------+-------+------------------+
---------------------------------------------------------------------------------
Finished RTL Optimization Phase 1 : Time (s): cpu = 00:00:04 ; elapsed = 00:00:07 . Memory (MB): peak = 342.918 ; gain = 135.563
---------------------------------------------------------------------------------
INFO: [Device 21-403] Loading part xc7a100tcsg324-1
INFO: [Project 1-570] Preparing netlist for logic optimization

Processing XDC Constraints
Initializing timing engine
Parsing XDC File [D:/Program/vivado/SteinsGate0_GIT/RotationSensor/RotationSensor.srcs/constrs_1/new/RotationSensor.xdc]
Finished Parsing XDC File [D:/Program/vivado/SteinsGate0_GIT/RotationSensor/RotationSensor.srcs/constrs_1/new/RotationSensor.xdc]
INFO: [Project 1-236] Implementation specific constraints were found while reading constraint file [D:/Program/vivado/SteinsGate0_GIT/RotationSensor/RotationSensor.srcs/constrs_1/new/RotationSensor.xdc]. These constraints will be ignored for synthesis but will be used in implementation. Impacted constraints are listed in the file [.Xil/RotaryEncoder_propImpl.xdc].
Resolution: To avoid this warning, move constraints listed in [.Xil/RotaryEncoder_propImpl.xdc] to another XDC file and exclude this new file from synthesis with the used_in_synthesis property (File Properties dialog in GUI) and re-run elaboration/synthesis.
Completed Processing XDC Constraints

INFO: [Project 1-111] Unisim Transformation Summary:
No Unisim elements were transformed.

Constraint Validation Runtime : Time (s): cpu = 00:00:00 ; elapsed = 00:00:00 . Memory (MB): peak = 640.078 ; gain = 0.000
---------------------------------------------------------------------------------
Finished Constraint Validation : Time (s): cpu = 00:00:09 ; elapsed = 00:00:12 . Memory (MB): peak = 640.078 ; gain = 432.723
---------------------------------------------------------------------------------
---------------------------------------------------------------------------------
Start Loading Part and Timing Information
---------------------------------------------------------------------------------
Loading part: xc7a100tcsg324-1
---------------------------------------------------------------------------------
Finished Loading Part and Timing Information : Time (s): cpu = 00:00:09 ; elapsed = 00:00:12 . Memory (MB): peak = 640.078 ; gain = 432.723
---------------------------------------------------------------------------------
---------------------------------------------------------------------------------
Start Applying 'set_property' XDC Constraints
---------------------------------------------------------------------------------
---------------------------------------------------------------------------------
Finished applying 'set_property' XDC Constraints : Time (s): cpu = 00:00:09 ; elapsed = 00:00:12 . Memory (MB): peak = 640.078 ; gain = 432.723
---------------------------------------------------------------------------------
---------------------------------------------------------------------------------
Finished RTL Optimization Phase 2 : Time (s): cpu = 00:00:09 ; elapsed = 00:00:12 . Memory (MB): peak = 640.078 ; gain = 432.723
---------------------------------------------------------------------------------

Report RTL Partitions: 
+-+--------------+------------+----------+
| |RTL Partition |Replication |Instances |
+-+--------------+------------+----------+
+-+--------------+------------+----------+
---------------------------------------------------------------------------------
Start RTL Component Statistics 
---------------------------------------------------------------------------------
Detailed RTL Component Info : 
+---Registers : 
	                1 Bit    Registers := 13    
+---Muxes : 
	   2 Input      1 Bit        Muxes := 4     
---------------------------------------------------------------------------------
Finished RTL Component Statistics 
---------------------------------------------------------------------------------
---------------------------------------------------------------------------------
Start RTL Hierarchical Component Statistics 
---------------------------------------------------------------------------------
Hierarchical RTL Component report 
Module RotaryEncoder 
Detailed RTL Component Info : 
+---Registers : 
	                1 Bit    Registers := 13    
+---Muxes : 
	   2 Input      1 Bit        Muxes := 4     
---------------------------------------------------------------------------------
Finished RTL Hierarchical Component Statistics
---------------------------------------------------------------------------------
---------------------------------------------------------------------------------
Start Part Resource Summary
---------------------------------------------------------------------------------
Part Resources:
DSPs: 240 (col length:80)
BRAMs: 270 (col length: RAMB18 80 RAMB36 40)
---------------------------------------------------------------------------------
Finished Part Resource Summary
---------------------------------------------------------------------------------
Start Parallel Synthesis Optimization  : Time (s): cpu = 00:00:09 ; elapsed = 00:00:12 . Memory (MB): peak = 640.078 ; gain = 432.723
---------------------------------------------------------------------------------
Start Cross Boundary Optimization
---------------------------------------------------------------------------------
---------------------------------------------------------------------------------
Finished Cross Boundary Optimization : Time (s): cpu = 00:00:09 ; elapsed = 00:00:12 . Memory (MB): peak = 640.078 ; gain = 432.723
---------------------------------------------------------------------------------
Finished Parallel Reinference  : Time (s): cpu = 00:00:09 ; elapsed = 00:00:12 . Memory (MB): peak = 640.078 ; gain = 432.723

Report RTL Partitions: 
+-+--------------+------------+----------+
| |RTL Partition |Replication |Instances |
+-+--------------+------------+----------+
+-+--------------+------------+----------+
---------------------------------------------------------------------------------
Start Area Optimization
---------------------------------------------------------------------------------
INFO: [Synth 8-3886] merging instance 'i_4/cnt0_reg[26]' (FDC) to 'i_4/cnt0_reg[20]'
INFO: [Synth 8-3886] merging instance 'i_4/cnt0_reg[29]' (FDC) to 'i_4/cnt0_reg[20]'
INFO: [Synth 8-3886] merging instance 'i_4/cnt0_reg[23]' (FDC) to 'i_4/cnt0_reg[20]'
INFO: [Synth 8-3886] merging instance 'i_4/cnt0_reg[20]' (FDC) to 'i_4/cnt0_reg[21]'
INFO: [Synth 8-3886] merging instance 'i_4/cnt0_reg[24]' (FDC) to 'i_4/cnt0_reg[21]'
INFO: [Synth 8-3886] merging instance 'i_4/cnt0_reg[31]' (FDC) to 'i_4/cnt0_reg[21]'
INFO: [Synth 8-3886] merging instance 'i_4/cnt0_reg[21]' (FDC) to 'i_4/cnt0_reg[22]'
INFO: [Synth 8-3886] merging instance 'i_4/cnt0_reg[22]' (FDC) to 'i_4/cnt0_reg[25]'
INFO: [Synth 8-3886] merging instance 'i_4/cnt0_reg[25]' (FDC) to 'i_4/cnt0_reg[27]'
INFO: [Synth 8-3886] merging instance 'i_4/cnt0_reg[30]' (FDC) to 'i_4/cnt0_reg[27]'
INFO: [Synth 8-3886] merging instance 'i_4/cnt0_reg[27]' (FDC) to 'i_4/cnt0_reg[28]'
INFO: [Synth 8-3333] propagating constant 0 across sequential element (i_4/\cnt0_reg[28] )
WARNING: [Synth 8-3332] Sequential element (cnt0_reg[20]) is unused and will be removed from module RotaryEncoder.
WARNING: [Synth 8-3332] Sequential element (cnt0_reg[21]) is unused and will be removed from module RotaryEncoder.
WARNING: [Synth 8-3332] Sequential element (cnt0_reg[22]) is unused and will be removed from module RotaryEncoder.
WARNING: [Synth 8-3332] Sequential element (cnt0_reg[23]) is unused and will be removed from module RotaryEncoder.
WARNING: [Synth 8-3332] Sequential element (cnt0_reg[24]) is unused and will be removed from module RotaryEncoder.
WARNING: [Synth 8-3332] Sequential element (cnt0_reg[25]) is unused and will be removed from module RotaryEncoder.
WARNING: [Synth 8-3332] Sequential element (cnt0_reg[26]) is unused and will be removed from module RotaryEncoder.
WARNING: [Synth 8-3332] Sequential element (cnt0_reg[27]) is unused and will be removed from module RotaryEncoder.
WARNING: [Synth 8-3332] Sequential element (cnt0_reg[28]) is unused and will be removed from module RotaryEncoder.
WARNING: [Synth 8-3332] Sequential element (cnt0_reg[29]) is unused and will be removed from module RotaryEncoder.
WARNING: [Synth 8-3332] Sequential element (cnt0_reg[30]) is unused and will be removed from module RotaryEncoder.
WARNING: [Synth 8-3332] Sequential element (cnt0_reg[31]) is unused and will be removed from module RotaryEncoder.
---------------------------------------------------------------------------------
Finished Area Optimization : Time (s): cpu = 00:00:09 ; elapsed = 00:00:12 . Memory (MB): peak = 640.078 ; gain = 432.723
---------------------------------------------------------------------------------
Finished Parallel Area Optimization  : Time (s): cpu = 00:00:09 ; elapsed = 00:00:12 . Memory (MB): peak = 640.078 ; gain = 432.723

Report RTL Partitions: 
+-+--------------+------------+----------+
| |RTL Partition |Replication |Instances |
+-+--------------+------------+----------+
+-+--------------+------------+----------+
---------------------------------------------------------------------------------
Start Timing Optimization
---------------------------------------------------------------------------------
---------------------------------------------------------------------------------
Start Applying XDC Timing Constraints
---------------------------------------------------------------------------------
---------------------------------------------------------------------------------
Finished Applying XDC Timing Constraints : Time (s): cpu = 00:00:14 ; elapsed = 00:00:18 . Memory (MB): peak = 640.078 ; gain = 432.723
---------------------------------------------------------------------------------
---------------------------------------------------------------------------------
Finished Timing Optimization : Time (s): cpu = 00:00:14 ; elapsed = 00:00:18 . Memory (MB): peak = 640.078 ; gain = 432.723
---------------------------------------------------------------------------------

Report RTL Partitions: 
+-+--------------+------------+----------+
| |RTL Partition |Replication |Instances |
+-+--------------+------------+----------+
+-+--------------+------------+----------+
---------------------------------------------------------------------------------
Start Technology Mapping
---------------------------------------------------------------------------------
---------------------------------------------------------------------------------
Finished Technology Mapping : Time (s): cpu = 00:00:14 ; elapsed = 00:00:18 . Memory (MB): peak = 640.078 ; gain = 432.723
---------------------------------------------------------------------------------
Finished Parallel Technology Mapping Optimization  : Time (s): cpu = 00:00:14 ; elapsed = 00:00:18 . Memory (MB): peak = 640.078 ; gain = 432.723

Report RTL Partitions: 
+-+--------------+------------+----------+
| |RTL Partition |Replication |Instances |
+-+--------------+------------+----------+
+-+--------------+------------+----------+
Finished Parallel Synthesis Optimization  : Time (s): cpu = 00:00:14 ; elapsed = 00:00:18 . Memory (MB): peak = 640.078 ; gain = 432.723
---------------------------------------------------------------------------------
Start IO Insertion
---------------------------------------------------------------------------------
---------------------------------------------------------------------------------
Start Flattening Before IO Insertion
---------------------------------------------------------------------------------
---------------------------------------------------------------------------------
Finished Flattening Before IO Insertion
---------------------------------------------------------------------------------
---------------------------------------------------------------------------------
Start Final Netlist Cleanup
---------------------------------------------------------------------------------
---------------------------------------------------------------------------------
Finished Final Netlist Cleanup
---------------------------------------------------------------------------------
---------------------------------------------------------------------------------
Finished IO Insertion : Time (s): cpu = 00:00:15 ; elapsed = 00:00:18 . Memory (MB): peak = 640.078 ; gain = 432.723
---------------------------------------------------------------------------------

Report Check Netlist: 
+------+------------------+-------+---------+-------+------------------+
|      |Item              |Errors |Warnings |Status |Description       |
+------+------------------+-------+---------+-------+------------------+
|1     |multi_driven_nets |      0|        0|Passed |Multi driven nets |
+------+------------------+-------+---------+-------+------------------+
---------------------------------------------------------------------------------
Start Renaming Generated Instances
---------------------------------------------------------------------------------
---------------------------------------------------------------------------------
Finished Renaming Generated Instances : Time (s): cpu = 00:00:15 ; elapsed = 00:00:18 . Memory (MB): peak = 640.078 ; gain = 432.723
---------------------------------------------------------------------------------

Report RTL Partitions: 
+-+--------------+------------+----------+
| |RTL Partition |Replication |Instances |
+-+--------------+------------+----------+
+-+--------------+------------+----------+
---------------------------------------------------------------------------------
Start Rebuilding User Hierarchy
---------------------------------------------------------------------------------
---------------------------------------------------------------------------------
Finished Rebuilding User Hierarchy : Time (s): cpu = 00:00:15 ; elapsed = 00:00:18 . Memory (MB): peak = 640.078 ; gain = 432.723
---------------------------------------------------------------------------------
---------------------------------------------------------------------------------
Start Renaming Generated Ports
---------------------------------------------------------------------------------
---------------------------------------------------------------------------------
Finished Renaming Generated Ports : Time (s): cpu = 00:00:15 ; elapsed = 00:00:18 . Memory (MB): peak = 640.078 ; gain = 432.723
---------------------------------------------------------------------------------
---------------------------------------------------------------------------------
Start Handling Custom Attributes
---------------------------------------------------------------------------------
---------------------------------------------------------------------------------
Finished Handling Custom Attributes : Time (s): cpu = 00:00:15 ; elapsed = 00:00:18 . Memory (MB): peak = 640.078 ; gain = 432.723
---------------------------------------------------------------------------------
---------------------------------------------------------------------------------
Start Renaming Generated Nets
---------------------------------------------------------------------------------
---------------------------------------------------------------------------------
Finished Renaming Generated Nets : Time (s): cpu = 00:00:15 ; elapsed = 00:00:18 . Memory (MB): peak = 640.078 ; gain = 432.723
---------------------------------------------------------------------------------
---------------------------------------------------------------------------------
Start Writing Synthesis Report
---------------------------------------------------------------------------------

Report BlackBoxes: 
+-+--------------+----------+
| |BlackBox name |Instances |
+-+--------------+----------+
+-+--------------+----------+

Report Cell Usage: 
+------+-------+------+
|      |Cell   |Count |
+------+-------+------+
|1     |BUFG   |     1|
|2     |CARRY4 |    17|
|3     |LUT1   |     2|
|4     |LUT2   |    68|
|5     |LUT3   |     6|
|6     |LUT4   |    14|
|7     |LUT5   |     1|
|8     |LUT6   |     7|
|9     |FDCE   |    72|
|10    |FDPE   |     9|
|11    |IBUF   |     5|
|12    |OBUF   |     3|
+------+-------+------+

Report Instance Areas: 
+------+---------+-------+------+
|      |Instance |Module |Cells |
+------+---------+-------+------+
|1     |top      |       |   205|
+------+---------+-------+------+
---------------------------------------------------------------------------------
Finished Writing Synthesis Report : Time (s): cpu = 00:00:15 ; elapsed = 00:00:18 . Memory (MB): peak = 640.078 ; gain = 432.723
---------------------------------------------------------------------------------
Synthesis finished with 0 errors, 0 critical warnings and 12 warnings.
Synthesis Optimization Runtime : Time (s): cpu = 00:00:08 ; elapsed = 00:00:11 . Memory (MB): peak = 640.078 ; gain = 115.809
Synthesis Optimization Complete : Time (s): cpu = 00:00:15 ; elapsed = 00:00:18 . Memory (MB): peak = 640.078 ; gain = 432.723
INFO: [Project 1-571] Translating synthesized netlist
INFO: [Netlist 29-17] Analyzing 22 Unisim elements for replacement
INFO: [Netlist 29-28] Unisim Transformation completed in 0 CPU seconds
INFO: [Project 1-570] Preparing netlist for logic optimization
INFO: [Opt 31-138] Pushed 0 inverter(s) to 0 load pin(s).
INFO: [Project 1-111] Unisim Transformation Summary:
No Unisim elements were transformed.

INFO: [Common 17-83] Releasing license: Synthesis
26 Infos, 12 Warnings, 0 Critical Warnings and 0 Errors encountered.
synth_design completed successfully
synth_design: Time (s): cpu = 00:00:13 ; elapsed = 00:00:14 . Memory (MB): peak = 640.078 ; gain = 416.449
report_utilization: Time (s): cpu = 00:00:00 ; elapsed = 00:00:00.006 . Memory (MB): peak = 640.078 ; gain = 0.000
INFO: [Common 17-206] Exiting Vivado at Tue Jan 09 23:34:54 2024...
