# do {testbench_compile.do}
# Model Technology ModelSim PE vmap 10.4c Lib Mapping Utility 2015.07 Jul 20 2015
# vmap xil_defaultlib msim/xil_defaultlib 
# Modifying modelsim.ini
# ** Warning: (vlog-159) Mode option -64 is not supported in this context and will be ignored.
# 
# Model Technology ModelSim PE vlog 10.4c Compiler 2015.07 Jul 20 2015
# Start time: 13:58:46 on Dec 23,2023
# vlog -64 -incr -work xil_defaultlib ../../../Glowtube.srcs/sources_1/new/seven_segment_display.v ../../../Glowtube.srcs/sim_1/new/seven_segment_display_tb.v 
# -- Compiling module seven_segment_display
# -- Compiling module testbench
# 
# Top level modules:
# 	testbench
# End time: 13:58:47 on Dec 23,2023, Elapsed time: 0:00:01
# Errors: 0, Warnings: 1
# Model Technology ModelSim PE vlog 10.4c Compiler 2015.07 Jul 20 2015
# Start time: 13:58:47 on Dec 23,2023
# vlog -work xil_defaultlib glbl.v 
# -- Compiling module glbl
# 
# Top level modules:
# 	glbl
# End time: 13:58:47 on Dec 23,2023, Elapsed time: 0:00:00
# Errors: 0, Warnings: 0
